Arguments: 
  C:\Program Files\nodejs\node.exe C:\Users\Unnimaya T\AppData\Roaming\npm\node_modules\yarn\bin\yarn.js add express mongoose dotenv helmet morgannodemon

PATH: 
  C:\Program Files\Eclipse Adoptium\jdk-17.0.1.12-hotspot\bin;C:\Windows\system32;C:\Windows;C:\Windows\System32\Wbem;C:\Windows\System32\WindowsPowerShell\v1.0\;C:\Windows\System32\OpenSSH\;C:\Program Files (x86)\NVIDIA Corporation\PhysX\Common;C:\Program Files\NVIDIA Corporation\NVIDIA NvDLISR;C:\Windows\System32\cmd.exe;C:\MinGW\bin;C:\Program Files\Git\cmd;C:\WINDOWS\system32;C:\WINDOWS;C:\WINDOWS\System32\Wbem;C:\WINDOWS\System32\WindowsPowerShell\v1.0\;C:\WINDOWS\System32\OpenSSH\;C:\Users\Unnimaya T\Downloads\flutter_windows_3.0.2-stable\flutter\bin;C:\Program Files\nodejs\;C:\Users\Unnimaya T\AppData\Local\Microsoft\WindowsApps;C:\Users\Unnimaya T\AppData\Local\Programs\Microsoft VS Code\bin;C:\Users\Unnimaya T\AppData\Local\GitHubDesktop\bin;;C:\iverilog\bin;C:\iverilog\gtkwave\bin;C:\Users\Unnimaya T\AppData\Roaming\npm

Yarn version: 
  1.22.19

Node version: 
  16.17.0

Platform: 
  win32 x64

Trace: 
  Error: https://registry.yarnpkg.com/morgannodemon: Not found
      at Request.params.callback [as _callback] (C:\Users\Unnimaya T\AppData\Roaming\npm\node_modules\yarn\lib\cli.js:66145:18)
      at Request.self.callback (C:\Users\Unnimaya T\AppData\Roaming\npm\node_modules\yarn\lib\cli.js:140890:22)
      at Request.emit (node:events:513:28)
      at Request.<anonymous> (C:\Users\Unnimaya T\AppData\Roaming\npm\node_modules\yarn\lib\cli.js:141862:10)
      at Request.emit (node:events:513:28)
      at IncomingMessage.<anonymous> (C:\Users\Unnimaya T\AppData\Roaming\npm\node_modules\yarn\lib\cli.js:141784:12)
      at Object.onceWrapper (node:events:627:28)
      at IncomingMessage.emit (node:events:525:35)
      at endReadableNT (node:internal/streams/readable:1358:12)
      at processTicksAndRejections (node:internal/process/task_queues:83:21)

npm manifest: 
  {
    "name": "node_rest_api",
    "version": "1.0.0",
    "description": "",
    "main": "index.js",
    "scripts": {
      "test": "echo \"Error: no test specified\" && exit 1"
    },
    "author": "",
    "license": "ISC"
  }

yarn manifest: 
  No manifest

Lockfile: 
  No lockfile
